<?xml version="1.0" encoding="UTF-8" ?>
<testsuites>
  <testsuite errors="0" failures="0" hostname="bcd074b3d3c4" id="0" name="JUnit Jupiter" package="" skipped="0" tests="27" time="0.073" timestamp="2023-09-10T20:51:14">
    <properties>
[...]
</properties>

    <testcase classname="com.alexa.cocktailalchemist.lambda.handlers.CancelandStopIntentHandlerTest" name="test_whenCancelIntent_thenReturnTrue()" time="0">
      <system-out><![CDATA[
unique-id: [engine:junit-jupiter]/[class:com.alexa.cocktailalchemist.lambda.handlers.CancelandStopIntentHandlerTest]/[method:test_whenCancelIntent_thenReturnTrue()]
display-name: test_whenCancelIntent_thenReturnTrue()
]]></system-out>

    </testcase>

    <testcase classname="com.alexa.cocktailalchemist.lambda.handlers.FallbackIntentHandlerTest" name="test_whenNotFallbackIntent_handle_forValidResponse_thenReturnFalse()" time="0">
      <system-out><![CDATA[
unique-id: [engine:junit-jupiter]/[class:com.alexa.cocktailalchemist.lambda.handlers.FallbackIntentHandlerTest]/[method:test_whenNotFallbackIntent_handle_forValidResponse_thenReturnFalse()]
display-name: test_whenNotFallbackIntent_handle_forValidResponse_thenReturnFalse()
]]></system-out>

    </testcase>

    <testcase classname="com.alexa.cocktailalchemist.lambda.handlers.HelpIntentHandlerTest" name="test_whenHelpIntentInValidResourceBundlePath()" time="0">
      <system-out><![CDATA[
unique-id: [engine:junit-jupiter]/[class:com.alexa.cocktailalchemist.lambda.handlers.HelpIntentHandlerTest]/[method:test_whenHelpIntentInValidResourceBundlePath()]
display-name: test_whenHelpIntentInValidResourceBundlePath()
]]></system-out>

    </testcase>

    <testcase classname="com.alexa.cocktailalchemist.lambda.handlers.LaunchRequestHandlerTest" name="test_whenLaunchIntent_thenReturnTrue()" time="0">
      <system-out><![CDATA[
unique-id: [engine:junit-jupiter]/[class:com.alexa.cocktailalchemist.lambda.handlers.LaunchRequestHandlerTest]/[method:test_whenLaunchIntent_thenReturnTrue()]
display-name: test_whenLaunchIntent_thenReturnTrue()
]]></system-out>

    </testcase>

    <testcase classname="com.alexa.cocktailalchemist.lambda.handlers.HelpIntentHandlerTest" name="test_whenHelpIntent_thenReturnTrue()" time="0">
      <system-out><![CDATA[
unique-id: [engine:junit-jupiter]/[class:com.alexa.cocktailalchemist.lambda.handlers.HelpIntentHandlerTest]/[method:test_whenHelpIntent_thenReturnTrue()]
display-name: test_whenHelpIntent_thenReturnTrue()
]]></system-out>

    </testcase>

    <testcase classname="com.alexa.cocktailalchemist.lambda.handlers.CancelandStopIntentHandlerTest" name="test_whenInValidResourceBundlePath()" time="0.001">
      <system-out><![CDATA[
unique-id: [engine:junit-jupiter]/[class:com.alexa.cocktailalchemist.lambda.handlers.CancelandStopIntentHandlerTest]/[method:test_whenInValidResourceBundlePath()]
display-name: test_whenInValidResourceBundlePath()
]]></system-out>

    </testcase>

    <testcase classname="com.alexa.cocktailalchemist.lambda.handlers.SessionEndedRequestHandlerTest" name="test_whenSessionEndedRequest_forValidResponse_thenReturnTrue()" time="0">
      <system-out><![CDATA[
unique-id: [engine:junit-jupiter]/[class:com.alexa.cocktailalchemist.lambda.handlers.SessionEndedRequestHandlerTest]/[method:test_whenSessionEndedRequest_forValidResponse_thenReturnTrue()]
display-name: test_whenSessionEndedRequest_forValidResponse_thenReturnTrue()
]]></system-out>

    </testcase>

    <testcase classname="com.alexa.cocktailalchemist.lambda.handlers.CancelandStopIntentHandlerTest" name="test_whenStopIntent_forValidResponse_thenReturnTrue()" time="0">
      <system-out><![CDATA[
unique-id: [engine:junit-jupiter]/[class:com.alexa.cocktailalchemist.lambda.handlers.CancelandStopIntentHandlerTest]/[method:test_whenStopIntent_forValidResponse_thenReturnTrue()]
display-name: test_whenStopIntent_forValidResponse_thenReturnTrue()
]]></system-out>

    </testcase>

    <testcase classname="com.alexa.cocktailalchemist.lambda.handlers.LaunchRequestHandlerTest" name="test_whenLaunchRequestInValidResourceBundlePath()" time="0">
      <system-out><![CDATA[
unique-id: [engine:junit-jupiter]/[class:com.alexa.cocktailalchemist.lambda.handlers.LaunchRequestHandlerTest]/[method:test_whenLaunchRequestInValidResourceBundlePath()]
display-name: test_whenLaunchRequestInValidResourceBundlePath()
]]></system-out>

    </testcase>

    <testcase classname="com.alexa.cocktailalchemist.lambda.handlers.CancelandStopIntentHandlerTest" name="test_whenStopIntent_thenReturnTrue()" time="0.001">
      <system-out><![CDATA[
unique-id: [engine:junit-jupiter]/[class:com.alexa.cocktailalchemist.lambda.handlers.CancelandStopIntentHandlerTest]/[method:test_whenStopIntent_thenReturnTrue()]
display-name: test_whenStopIntent_thenReturnTrue()
]]></system-out>

    </testcase>

    <testcase classname="com.alexa.cocktailalchemist.lambda.handlers.HelpIntentHandlerTest" name="test_whenNotHelpIntent_handle_forValidResponse_thenReturnFalse()" time="0">
      <system-out><![CDATA[
unique-id: [engine:junit-jupiter]/[class:com.alexa.cocktailalchemist.lambda.handlers.HelpIntentHandlerTest]/[method:test_whenNotHelpIntent_handle_forValidResponse_thenReturnFalse()]
display-name: test_whenNotHelpIntent_handle_forValidResponse_thenReturnFalse()
]]></system-out>

    </testcase>

    <testcase classname="com.alexa.cocktailalchemist.lambda.handlers.CancelandStopIntentHandlerTest" name="test_whenNeitherCancelNorStopIntent_forValidResponse_thenReturnFalse()" time="0.017">
      <system-out><![CDATA[
unique-id: [engine:junit-jupiter]/[class:com.alexa.cocktailalchemist.lambda.handlers.CancelandStopIntentHandlerTest]/[method:test_whenNeitherCancelNorStopIntent_forValidResponse_thenReturnFalse()]
display-name: test_whenNeitherCancelNorStopIntent_forValidResponse_thenReturnFalse()
]]></system-out>

    </testcase>

    <testcase classname="com.alexa.cocktailalchemist.lambda.handlers.HelloWorldIntentHandlerTest" name="test_whenHelloWorldIntent_forValidResponse_thenReturnTrue()" time="0">
      <system-out><![CDATA[
unique-id: [engine:junit-jupiter]/[class:com.alexa.cocktailalchemist.lambda.handlers.HelloWorldIntentHandlerTest]/[method:test_whenHelloWorldIntent_forValidResponse_thenReturnTrue()]
display-name: test_whenHelloWorldIntent_forValidResponse_thenReturnTrue()
]]></system-out>

    </testcase>

    <testcase classname="com.alexa.cocktailalchemist.lambda.handlers.HelloWorldIntentHandlerTest" name="test_whenNotHelloWorldIntent_forValidResponse_thenReturnFalse()" time="0">
      <system-out><![CDATA[
unique-id: [engine:junit-jupiter]/[class:com.alexa.cocktailalchemist.lambda.handlers.HelloWorldIntentHandlerTest]/[method:test_whenNotHelloWorldIntent_forValidResponse_thenReturnFalse()]
display-name: test_whenNotHelloWorldIntent_forValidResponse_thenReturnFalse()
]]></system-out>

    </testcase>

    <testcase classname="com.alexa.cocktailalchemist.lambda.handlers.FallbackIntentHandlerTest" name="test_whenNotFallbackIntent_thenReturnFalse()" time="0">
      <system-out><![CDATA[
unique-id: [engine:junit-jupiter]/[class:com.alexa.cocktailalchemist.lambda.handlers.FallbackIntentHandlerTest]/[method:test_whenNotFallbackIntent_thenReturnFalse()]
display-name: test_whenNotFallbackIntent_thenReturnFalse()
]]></system-out>

    </testcase>

    <testcase classname="com.alexa.cocktailalchemist.lambda.handlers.HelloWorldIntentHandlerTest" name="test_whenHelloWorldIntent_thenReturnTrue()" time="0">
      <system-out><![CDATA[
unique-id: [engine:junit-jupiter]/[class:com.alexa.cocktailalchemist.lambda.handlers.HelloWorldIntentHandlerTest]/[method:test_whenHelloWorldIntent_thenReturnTrue()]
display-name: test_whenHelloWorldIntent_thenReturnTrue()
]]></system-out>

    </testcase>

    <testcase classname="com.alexa.cocktailalchemist.lambda.handlers.FallbackIntentHandlerTest" name="test_whenFallbackIntent_thenReturnTrue()" time="0">
      <system-out><![CDATA[
unique-id: [engine:junit-jupiter]/[class:com.alexa.cocktailalchemist.lambda.handlers.FallbackIntentHandlerTest]/[method:test_whenFallbackIntent_thenReturnTrue()]
display-name: test_whenFallbackIntent_thenReturnTrue()
]]></system-out>

    </testcase>

    <testcase classname="com.alexa.cocktailalchemist.lambda.handlers.HelpIntentHandlerTest" name="test_whenHelpIntent_handle_forValidResponse_thenReturnTrue()" time="0">
      <system-out><![CDATA[
unique-id: [engine:junit-jupiter]/[class:com.alexa.cocktailalchemist.lambda.handlers.HelpIntentHandlerTest]/[method:test_whenHelpIntent_handle_forValidResponse_thenReturnTrue()]
display-name: test_whenHelpIntent_handle_forValidResponse_thenReturnTrue()
]]></system-out>

    </testcase>

    <testcase classname="com.alexa.cocktailalchemist.lambda.handlers.FallbackIntentHandlerTest" name="test_whenFallbackIntentInValidResourceBundlePath()" time="0">
      <system-out><![CDATA[
unique-id: [engine:junit-jupiter]/[class:com.alexa.cocktailalchemist.lambda.handlers.FallbackIntentHandlerTest]/[method:test_whenFallbackIntentInValidResourceBundlePath()]
display-name: test_whenFallbackIntentInValidResourceBundlePath()
]]></system-out>

    </testcase>

    <testcase classname="com.alexa.cocktailalchemist.lambda.handlers.FallbackIntentHandlerTest" name="test_whenFallbackIntent_handle_forValidResponse_thenReturnTrue()" time="0">
      <system-out><![CDATA[
unique-id: [engine:junit-jupiter]/[class:com.alexa.cocktailalchemist.lambda.handlers.FallbackIntentHandlerTest]/[method:test_whenFallbackIntent_handle_forValidResponse_thenReturnTrue()]
display-name: test_whenFallbackIntent_handle_forValidResponse_thenReturnTrue()
]]></system-out>

    </testcase>

    <testcase classname="com.alexa.cocktailalchemist.lambda.handlers.CancelandStopIntentHandlerTest" name="test_whenCancelIntent_forValidResponse_thenReturnTrue()" time="0">
      <system-out><![CDATA[
unique-id: [engine:junit-jupiter]/[class:com.alexa.cocktailalchemist.lambda.handlers.CancelandStopIntentHandlerTest]/[method:test_whenCancelIntent_forValidResponse_thenReturnTrue()]
display-name: test_whenCancelIntent_forValidResponse_thenReturnTrue()
]]></system-out>

    </testcase>

    <testcase classname="com.alexa.cocktailalchemist.lambda.handlers.HelloWorldIntentHandlerTest" name="test_whenNotHelloWorldIntent_thenReturnFalse()" time="0">
      <system-out><![CDATA[
unique-id: [engine:junit-jupiter]/[class:com.alexa.cocktailalchemist.lambda.handlers.HelloWorldIntentHandlerTest]/[method:test_whenNotHelloWorldIntent_thenReturnFalse()]
display-name: test_whenNotHelloWorldIntent_thenReturnFalse()
]]></system-out>

    </testcase>

    <testcase classname="com.alexa.cocktailalchemist.lambda.handlers.LaunchRequestHandlerTest" name="test_whenLaunchIntent_handle_forValidResponse()" time="0">
      <system-out><![CDATA[
unique-id: [engine:junit-jupiter]/[class:com.alexa.cocktailalchemist.lambda.handlers.LaunchRequestHandlerTest]/[method:test_whenLaunchIntent_handle_forValidResponse()]
display-name: test_whenLaunchIntent_handle_forValidResponse()
]]></system-out>

    </testcase>

    <testcase classname="com.alexa.cocktailalchemist.lambda.handlers.SessionEndedRequestHandlerTest" name="test_whenSessionEndedRequest_thenReturnTrue()" time="0">
      <system-out><![CDATA[
unique-id: [engine:junit-jupiter]/[class:com.alexa.cocktailalchemist.lambda.handlers.SessionEndedRequestHandlerTest]/[method:test_whenSessionEndedRequest_thenReturnTrue()]
display-name: test_whenSessionEndedRequest_thenReturnTrue()
]]></system-out>

    </testcase>

    <testcase classname="com.alexa.cocktailalchemist.lambda.handlers.CancelandStopIntentHandlerTest" name="test_whenNeitherCancelNorStopIntent_thenReturnFalse()" time="0">
      <system-out><![CDATA[
unique-id: [engine:junit-jupiter]/[class:com.alexa.cocktailalchemist.lambda.handlers.CancelandStopIntentHandlerTest]/[method:test_whenNeitherCancelNorStopIntent_thenReturnFalse()]
display-name: test_whenNeitherCancelNorStopIntent_thenReturnFalse()
]]></system-out>

    </testcase>

    <testcase classname="com.alexa.cocktailalchemist.lambda.handlers.HelloWorldIntentHandlerTest" name="test_whenHelloWorldIntentInValidResourceBundlePath()" time="0">
      <system-out><![CDATA[
unique-id: [engine:junit-jupiter]/[class:com.alexa.cocktailalchemist.lambda.handlers.HelloWorldIntentHandlerTest]/[method:test_whenHelloWorldIntentInValidResourceBundlePath()]
display-name: test_whenHelloWorldIntentInValidResourceBundlePath()
]]></system-out>

    </testcase>

    <testcase classname="com.alexa.cocktailalchemist.lambda.handlers.HelpIntentHandlerTest" name="test_whenNotHelpIntent_thenReturnFalse()" time="0">
      <system-out><![CDATA[
unique-id: [engine:junit-jupiter]/[class:com.alexa.cocktailalchemist.lambda.handlers.HelpIntentHandlerTest]/[method:test_whenNotHelpIntent_thenReturnFalse()]
display-name: test_whenNotHelpIntent_thenReturnFalse()
]]></system-out>

    </testcase>

    <system-out><![CDATA[
unique-id: [engine:junit-jupiter]
display-name: JUnit Jupiter
]]></system-out>

  </testsuite>
</testsuites>
